<?xml version="1.0" encoding="UTF-8"?>
<!-- Generated by org.testng.reporters.JUnitReportReporter -->
<testsuite name="test1.TestSelenium1" tests="1" time="4.805" ignored="0" failures="0" timestamp="26 mar 2022 17:00:48 GMT" skipped="0" hostname="DESKTOP-MT90296" errors="0">
  <testcase name="selenium_test1" time="4.805" classname="test1.TestSelenium1"/>
</testsuite> <!-- test1.TestSelenium1 -->
